Build started 25.2.2015 01:36:11.
     1>Project "c:\Users\Fatih\documents\visual studio 2013\Projects\VY_Odev_1\VY_Odev_1\VY_Odev_1.vcxproj" on node 2 (Build target(s)).
     1>ClCompile:
         C:\Program Files (x86)\Microsoft Visual Studio 12.0\VC\bin\CL.exe /c /ZI /nologo /W3 /WX- /sdl /Od /Oy- /D _MBCS /Gm /EHsc /RTC1 /MDd /GS /fp:precise /Zc:wchar_t /Zc:forScope /Fo"Debug\\" /Fd"Debug\vc120.pdb" /Gd /TP /analyze- /errorReport:prompt Main.cpp
         Main.cpp
     1>c:\users\fatih\documents\visual studio 2013\projects\vy_odev_1\vy_odev_1\main.cpp(37): error C4996: 'scanf': This function or variable may be unsafe. Consider using scanf_s instead. To disable deprecation, use _CRT_SECURE_NO_WARNINGS. See online help for details.
                 c:\program files (x86)\microsoft visual studio 12.0\vc\include\stdio.h(283) : see declaration of 'scanf'
     1>Done Building Project "c:\Users\Fatih\documents\visual studio 2013\Projects\VY_Odev_1\VY_Odev_1\VY_Odev_1.vcxproj" (Build target(s)) -- FAILED.

Build FAILED.

Time Elapsed 00:00:01.31
